{
  "arch_hash": "d02637494b9688ec",
  "run_id": "f8216ce8-78e2-46e0-b65f-13fa97f5a973",
  "status": "FAILED",
  "started_at": "2026-01-14T15:46:02.527656",
  "completed_at": "2026-01-14T15:46:15.273365",
  "duration_seconds": 12.745711,
  "terraform_apply": {
    "success": false,
    "resources_created": 0,
    "outputs": {},
    "logs": "Apply failed:\nSTDOUT: \u001b[0m\u001b[1mdata.archive_file.lambda_zip_file: Reading...\u001b[0m\u001b[0m\n\u001b[31m\u2577\u001b[0m\u001b[0m\n\u001b[31m\u2502\u001b[0m \u001b[0m\u001b[1m\u001b[31mError: \u001b[0m\u001b[0m\u001b[1mloading configuration: failed to get shared config profile, default\u001b[0m\n\u001b[31m\u2502\u001b[0m \u001b[0m\n\u001b[31m\u2502\u001b[0m \u001b[0m\u001b[0m  with provider[\"registry.terraform.io/hashicorp/aws\"],\n\u001b[31m\u2502\u001b[0m \u001b[0m  on main.tf line 12, in provider \"aws\":\n\u001b[31m\u2502\u001b[0m \u001b[0m  12: provider \"aws\" \u001b[4m{\u001b[0m\u001b[0m\n\u001b[31m\u2502\u001b[0m \u001b[0m\n\u001b[31m\u2575\u001b[0m\u001b[0m\n\u001b[31m\u2577\u001b[0m\u001b[0m\n\u001b[31m\u2502\u001b[0m \u001b[0m\u001b[1m\u001b[31mError: \u001b[0m\u001b[0m\u001b[1mArchive creation error\u001b[0m\n\u001b[31m\u2502\u001b[0m \u001b[0m\n\u001b[31m\u2502\u001b[0m \u001b[0m\u001b[0m  with data.archive_file.lambda_zip_file,\n\u001b[31m\u2502\u001b[0m \u001b[0m  on main.tf line 26, in data \"archive_file\" \"lambda_zip_file\":\n\u001b[31m\u2502\u001b[0m \u001b[0m  26: data \"archive_file\" \"lambda_zip_file\" \u001b[4m{\u001b[0m\u001b[0m\n\u001b[31m\u2502\u001b[0m \u001b[0m\n\u001b[31m\u2502\u001b[0m \u001b[0merror creating archive: error archiving file: could not archive missing\n\u001b[31m\u2502\u001b[0m \u001b[0mfile: ./src/app.js\n\u001b[31m\u2575\u001b[0m\u001b[0m\n::error::Terraform exited with code 1.\n\nSTDERR: "
  },
  "pytest_results": null,
  "container_logs": "\nLocalStack version: 4.12.1.dev65\nLocalStack build date: 2026-01-14\nLocalStack build git hash: 7517af48d\n\nReady.\n",
  "error_message": null
}