{
  "arch_hash": "ced9dfcb174c6a53",
  "run_id": "25ad9e3c-ea7e-4795-aabb-f2f7cf901780",
  "status": "FAILED",
  "started_at": "2026-01-14T15:28:48.600532",
  "completed_at": "2026-01-14T15:28:56.538264",
  "duration_seconds": 7.937734,
  "terraform_apply": {
    "success": false,
    "resources_created": 0,
    "outputs": {},
    "logs": "Apply failed:\nSTDOUT: \u001b[0m\u001b[1mdata.archive_file.lambda_zip_file: Reading...\u001b[0m\u001b[0m\n\nTerraform used the selected providers to generate the following execution\nplan. Resource actions are indicated with the following symbols:\n  \u001b[32m+\u001b[0m create\u001b[0m\n\nTerraform planned the following actions, but then encountered a problem:\n\n\u001b[1m  # random_string.random\u001b[0m will be created\n\u001b[0m  \u001b[32m+\u001b[0m\u001b[0m resource \"random_string\" \"random\" {\n      \u001b[32m+\u001b[0m\u001b[0m id          = (known after apply)\n      \u001b[32m+\u001b[0m\u001b[0m length      = 8\n      \u001b[32m+\u001b[0m\u001b[0m lower       = true\n      \u001b[32m+\u001b[0m\u001b[0m min_lower   = 0\n      \u001b[32m+\u001b[0m\u001b[0m min_numeric = 0\n      \u001b[32m+\u001b[0m\u001b[0m min_special = 0\n      \u001b[32m+\u001b[0m\u001b[0m min_upper   = 0\n      \u001b[32m+\u001b[0m\u001b[0m number      = true\n      \u001b[32m+\u001b[0m\u001b[0m result      = (known after apply)\n      \u001b[32m+\u001b[0m\u001b[0m special     = false\n      \u001b[32m+\u001b[0m\u001b[0m upper       = false\n    }\n\n\u001b[1mPlan:\u001b[0m 1 to add, 0 to change, 0 to destroy.\n\u001b[0m\u001b[31m\u2577\u001b[0m\u001b[0m\n\u001b[31m\u2502\u001b[0m \u001b[0m\u001b[1m\u001b[31mError: \u001b[0m\u001b[0m\u001b[1mUnsupported argument\u001b[0m\n\u001b[31m\u2502\u001b[0m \u001b[0m\n\u001b[31m\u2502\u001b[0m \u001b[0m\u001b[0m  on localstack_providers_override.tf line 23, in provider \"aws\":\n\u001b[31m\u2502\u001b[0m \u001b[0m  23:     \u001b[4mbedrock\u001b[0m = \"http://localhost:5130\"\u001b[0m\n\u001b[31m\u2502\u001b[0m \u001b[0m\n\u001b[31m\u2502\u001b[0m \u001b[0mAn argument named \"bedrock\" is not expected here.\n\u001b[31m\u2575\u001b[0m\u001b[0m\n\u001b[31m\u2577\u001b[0m\u001b[0m\n\u001b[31m\u2502\u001b[0m \u001b[0m\u001b[1m\u001b[31mError: \u001b[0m\u001b[0m\u001b[1mUnsupported argument\u001b[0m\n\u001b[31m\u2502\u001b[0m \u001b[0m\n\u001b[31m\u2502\u001b[0m \u001b[0m\u001b[0m  on localstack_providers_override.tf line 24, in provider \"aws\":\n\u001b[31m\u2502\u001b[0m \u001b[0m  24:     \u001b[4mce\u001b[0m = \"http://localhost:5130\"\u001b[0m\n\u001b[31m\u2502\u001b[0m \u001b[0m\n\u001b[31m\u2502\u001b[0m \u001b[0mAn argument named \"ce\" is not expected here. Did you mean \"es\"?\n\u001b[31m\u2575\u001b[0m\u001b[0m\n\u001b[31m\u2577\u001b[0m\u001b[0m\n\u001b[31m\u2502\u001b[0m \u001b[0m\u001b[1m\u001b[31mError: \u001b[0m\u001b[0m\u001b[1mUnsupported argument\u001b[0m\n\u001b[31m\u2502\u001b[0m \u001b[0m\n\u001b[31m\u2502\u001b[0m \u001b[0m\u001b[0m  on localstack_providers_override.tf line 33, in provider \"aws\":\n\u001b[31m\u2502\u001b[0m \u001b[0m  33:     \u001b[4mcodeconnections\u001b[0m = \"http://localhost:5130\"\u001b[0m\n\u001b[31m\u2502\u001b[0m \u001b[0m\n\u001b[31m\u2502\u001b[0m \u001b[0mAn argument named \"codeconnections\" is not expected here.\n\u001b[31m\u2575\u001b[0m\u001b[0m\n\u001b[31m\u2577\u001b[0m\u001b[0m\n\u001b[31m\u2502\u001b[0m \u001b[0m\u001b[1m\u001b[31mError: \u001b[0m\u001b[0m\u001b[1mUnsupported argument\u001b[0m\n\u001b[31m\u2502\u001b[0m \u001b[0m\n\u001b[31m\u2502\u001b[0m \u001b[0m\u001b[0m  on localstack_providers_override.tf line 38, in provider \"aws\":\n\u001b[31m\u2502\u001b[0m \u001b[0m  38:     \u001b[4mdeploy\u001b[0m = \"http://localhost:5130\"\u001b[0m\n\u001b[31m\u2502\u001b[0m \u001b[0m\n\u001b[31m\u2502\u001b[0m \u001b[0mAn argument named \"deploy\" is not expected here.\n\u001b[31m\u2575\u001b[0m\u001b[0m\n\u001b[31m\u2577\u001b[0m\u001b[0m\n\u001b[31m\u2502\u001b[0m \u001b[0m\u001b[1m\u001b[31mError: \u001b[0m\u001b[0m\u001b[1mUnsupported argument\u001b[0m\n\u001b[31m\u2502\u001b[0m \u001b[0m\n\u001b[31m\u2502\u001b[0m \u001b[0m\u001b[0m  on localstack_providers_override.tf line 63, in provider \"aws\":\n\u001b[31m\u2502\u001b[0m \u001b[0m  63:     \u001b[4mkeyspaces\u001b[0m = \"http://localhost:5130\"\u001b[0m\n\u001b[31m\u2502\u001b[0m \u001b[0m\n\u001b[31m\u2502\u001b[0m \u001b[0mAn argument named \"keyspaces\" is not expected here.\n\u001b[31m\u2575\u001b[0m\u001b[0m\n\u001b[31m\u2577\u001b[0m\u001b[0m\n\u001b[31m\u2502\u001b[0m \u001b[0m\u001b[1m\u001b[31mError: \u001b[0m\u001b[0m\u001b[1mUnsupported argument\u001b[0m\n\u001b[31m\u2502\u001b[0m \u001b[0m\n\u001b[31m\u2502\u001b[0m \u001b[0m\u001b[0m  on localstack_providers_override.tf line 70, in provider \"aws\":\n\u001b[31m\u2502\u001b[0m \u001b[0m  70:     \u001b[4mlogs\u001b[0m = \"http://localhost:5130\"\u001b[0m\n\u001b[31m\u2502\u001b[0m \u001b[0m\n\u001b[31m\u2502\u001b[0m \u001b[0mAn argument named \"logs\" is not expected here.\n\u001b[31m\u2575\u001b[0m\u001b[0m\n\u001b[31m\u2577\u001b[0m\u001b[0m\n\u001b[31m\u2502\u001b[0m \u001b[0m\u001b[1m\u001b[31mError: \u001b[0m\u001b[0m\u001b[1mUnsupported argument\u001b[0m\n\u001b[31m\u2502\u001b[0m \u001b[0m\n\u001b[31m\u2502\u001b[0m \u001b[0m\u001b[0m  on localstack_providers_override.tf line 77, in provider \"aws\":\n\u001b[31m\u2502\u001b[0m \u001b[0m  77:     \u001b[4mopensearch\u001b[0m = \"http://localhost:5130\"\u001b[0m\n\u001b[31m\u2502\u001b[0m \u001b[0m\n\u001b[31m\u2502\u001b[0m \u001b[0mAn argument named \"opensearch\" is not expected here.\n\u001b[31m\u2575\u001b[0m\u001b[0m\n\u001b[31m\u2577\u001b[0m\u001b[0m\n\u001b[31m\u2502\u001b[0m \u001b[0m\u001b[1m\u001b[31mError: \u001b[0m\u001b[0m\u001b[1mUnsupported argument\u001b[0m\n\u001b[31m\u2502\u001b[0m \u001b[0m\n\u001b[31m\u2502\u001b[0m \u001b[0m\u001b[0m  on localstack_providers_override.tf line 80, in provider \"aws\":\n\u001b[31m\u2502\u001b[0m \u001b[0m  80:     \u001b[4mpipes\u001b[0m = \"http://localhost:5130\"\u001b[0m\n\u001b[31m\u2502\u001b[0m \u001b[0m\n\u001b[31m\u2502\u001b[0m \u001b[0mAn argument named \"pipes\" is not expected here.\n\u001b[31m\u2575\u001b[0m\u001b[0m\n\u001b[31m\u2577\u001b[0m\u001b[0m\n\u001b[31m\u2502\u001b[0m \u001b[0m\u001b[1m\u001b[31mError: \u001b[0m\u001b[0m\u001b[1mUnsupported argument\u001b[0m\n\u001b[31m\u2502\u001b[0m \u001b[0m\n\u001b[31m\u2502\u001b[0m \u001b[0m\u001b[0m  on localstack_providers_override.tf line 93, in provider \"aws\":\n\u001b[31m\u2502\u001b[0m \u001b[0m  93:     \u001b[4ms3tables\u001b[0m = \"http://localhost:5130\"\u001b[0m\n\u001b[31m\u2502\u001b[0m \u001b[0m\n\u001b[31m\u2502\u001b[0m \u001b[0mAn argument named \"s3tables\" is not expected here.\n\u001b[31m\u2575\u001b[0m\u001b[0m\n\u001b[31m\u2577\u001b[0m\u001b[0m\n\u001b[31m\u2502\u001b[0m \u001b[0m\u001b[1m\u001b[31mError: \u001b[0m\u001b[0m\u001b[1mUnsupported argument\u001b[0m\n\u001b[31m\u2502\u001b[0m \u001b[0m\n\u001b[31m\u2502\u001b[0m \u001b[0m\u001b[0m  on localstack_providers_override.tf line 95, in provider \"aws\":\n\u001b[31m\u2502\u001b[0m \u001b[0m  95:     \u001b[4mscheduler\u001b[0m = \"http://localhost:5130\"\u001b[0m\n\u001b[31m\u2502\u001b[0m \u001b[0m\n\u001b[31m\u2502\u001b[0m \u001b[0mAn argument named \"scheduler\" is not expected here.\n\u001b[31m\u2575\u001b[0m\u001b[0m\n\u001b[31m\u2577\u001b[0m\u001b[0m\n\u001b[31m\u2502\u001b[0m \u001b[0m\u001b[1m\u001b[31mError: \u001b[0m\u001b[0m\u001b[1mUnsupported argument\u001b[0m\n\u001b[31m\u2502\u001b[0m \u001b[0m\n\u001b[31m\u2502\u001b[0m \u001b[0m\u001b[0m  on localstack_providers_override.tf line 111, in provider \"aws\":\n\u001b[31m\u2502\u001b[0m \u001b[0m 111:     \u001b[4mverifiedpermissions\u001b[0m = \"http://localhost:5130\"\u001b[0m\n\u001b[31m\u2502\u001b[0m \u001b[0m\n\u001b[31m\u2502\u001b[0m \u001b[0mAn argument named \"verifiedpermissions\" is not expected here.\n\u001b[31m\u2575\u001b[0m\u001b[0m\n\u001b[31m\u2577\u001b[0m\u001b[0m\n\u001b[31m\u2502\u001b[0m \u001b[0m\u001b[1m\u001b[31mError: \u001b[0m\u001b[0m\u001b[1mArchive creation error\u001b[0m\n\u001b[31m\u2502\u001b[0m \u001b[0m\n\u001b[31m\u2502\u001b[0m \u001b[0m\u001b[0m  with data.archive_file.lambda_zip_file,\n\u001b[31m\u2502\u001b[0m \u001b[0m  on main.tf line 38, in data \"archive_file\" \"lambda_zip_file\":\n\u001b[31m\u2502\u001b[0m \u001b[0m  38: data \"archive_file\" \"lambda_zip_file\" \u001b[4m{\u001b[0m\u001b[0m\n\u001b[31m\u2502\u001b[0m \u001b[0m\n\u001b[31m\u2502\u001b[0m \u001b[0merror creating archive: error archiving file: could not archive missing\n\u001b[31m\u2502\u001b[0m \u001b[0mfile: ./src/index.js\n\u001b[31m\u2575\u001b[0m\u001b[0m\n::error::Terraform exited with code 1.\n\nSTDERR: "
  },
  "pytest_results": null,
  "container_logs": "\nLocalStack version: 4.12.1.dev65\nLocalStack build date: 2026-01-14\nLocalStack build git hash: 7517af48d\n\nReady.\n",
  "error_message": null
}